# JRE version: OpenJDK Runtime Environment Temurin-17.0.2+8 (17.0.2+8) (build 17.0.2+8)
# Java VM: OpenJDK 64-Bit Server VM Temurin-17.0.2+8 (17.0.2+8, mixed mode, tiered, compressed oops, compressed class ptrs, g1 gc, windows-amd64)
GC Precious Log:
 CPUs: 4 total, 4 available
 Memory: 4011M
 Large Page Support: Disabled
 NUMA Support: Disabled
 Compressed Oops: Enabled (32-bit)
 Heap Region Size: 1M
 Heap Min Capacity: 8M
 Heap Initial Capacity: 64M
 Heap Max Capacity: 1004M
 Pre-touch: Disabled
 Parallel Workers: 4
 Concurrent Workers: 1
 Concurrent Refinement Workers: 4
 Periodic GC: Disabled
Heap:
 garbage-first heap   total 40960K, used 26369K [0x00000000c1400000, 0x0000000100000000)
  region size 1024K, 10 young (10240K), 1 survivors (1024K)
 Metaspace       used 29268K, committed 29504K, reserved 1081344K
  class space    used 3347K, committed 3456K, reserved 1048576K
GC Heap History (12 events):
Event: 2.864 GC heap before
{Heap before GC invocations=0 (full 0):
 garbage-first heap   total 65536K, used 13312K [0x00000000c1400000, 0x0000000100000000)
  region size 1024K, 13 young (13312K), 0 survivors (0K)
 Metaspace       used 9347K, committed 9536K, reserved 1064960K
  class space    used 828K, committed 896K, reserved 1048576K
}
Event: 2.877 GC heap after
{Heap after GC invocations=1 (full 0):
 garbage-first heap   total 65536K, used 8240K [0x00000000c1400000, 0x0000000100000000)
  region size 1024K, 2 young (2048K), 2 survivors (2048K)
 Metaspace       used 9347K, committed 9536K, reserved 1064960K
  class space    used 828K, committed 896K, reserved 1048576K
}
Event: 3.670 GC heap before
{Heap before GC invocations=1 (full 0):
 garbage-first heap   total 65536K, used 15408K [0x00000000c1400000, 0x0000000100000000)
  region size 1024K, 9 young (9216K), 2 survivors (2048K)
 Metaspace       used 13407K, committed 13568K, reserved 1064960K
  class space    used 1294K, committed 1408K, reserved 1048576K
}
Event: 3.675 GC heap after
{Heap after GC invocations=2 (full 0):
 garbage-first heap   total 65536K, used 8867K [0x00000000c1400000, 0x0000000100000000)
  region size 1024K, 1 young (1024K), 1 survivors (1024K)
 Metaspace       used 13407K, committed 13568K, reserved 1064960K
  class space    used 1294K, committed 1408K, reserved 1048576K
}
Event: 8.783 GC heap before
{Heap before GC invocations=2 (full 0):
 garbage-first heap   total 65536K, used 27299K [0x00000000c1400000, 0x0000000100000000)
  region size 1024K, 19 young (19456K), 1 survivors (1024K)
 Metaspace       used 19332K, committed 19648K, reserved 1073152K
  class space    used 2094K, committed 2240K, reserved 1048576K
}
Event: 8.789 GC heap after
{Heap after GC invocations=3 (full 0):
 garbage-first heap   total 65536K, used 10117K [0x00000000c1400000, 0x0000000100000000)
  region size 1024K, 2 young (2048K), 2 survivors (2048K)
 Metaspace       used 19332K, committed 19648K, reserved 1073152K
  class space    used 2094K, committed 2240K, reserved 1048576K
}
Event: 9.014 GC heap before
{Heap before GC invocations=3 (full 0):
 garbage-first heap   total 65536K, used 13189K [0x00000000c1400000, 0x0000000100000000)
  region size 1024K, 6 young (6144K), 2 survivors (2048K)
 Metaspace       used 21253K, committed 21504K, reserved 1073152K
  class space    used 2295K, committed 2432K, reserved 1048576K
}
Event: 9.021 GC heap after
{Heap after GC invocations=4 (full 0):
 garbage-first heap   total 65536K, used 10958K [0x00000000c1400000, 0x0000000100000000)
  region size 1024K, 3 young (3072K), 3 survivors (3072K)
 Metaspace       used 21253K, committed 21504K, reserved 1073152K
  class space    used 2295K, committed 2432K, reserved 1048576K
}
Event: 10.262 GC heap before
{Heap before GC invocations=5 (full 0):
 garbage-first heap   total 40960K, used 30414K [0x00000000c1400000, 0x0000000100000000)
  region size 1024K, 23 young (23552K), 3 survivors (3072K)
 Metaspace       used 26901K, committed 27200K, reserved 1073152K
  class space    used 2996K, committed 3136K, reserved 1048576K
}
Event: 10.275 GC heap after
{Heap after GC invocations=6 (full 0):
 garbage-first heap   total 40960K, used 12945K [0x00000000c1400000, 0x0000000100000000)
  region size 1024K, 3 young (3072K), 3 survivors (3072K)
 Metaspace       used 26901K, committed 27200K, reserved 1073152K
  class space    used 2996K, committed 3136K, reserved 1048576K
}
Event: 10.378 GC heap before
{Heap before GC invocations=6 (full 0):
 garbage-first heap   total 40960K, used 13969K [0x00000000c1400000, 0x0000000100000000)
  region size 1024K, 4 young (4096K), 3 survivors (3072K)
 Metaspace       used 27154K, committed 27520K, reserved 1073152K
  class space    used 3022K, committed 3200K, reserved 1048576K
}
Event: 10.387 GC heap after
{Heap after GC invocations=7 (full 0):
 garbage-first heap   total 40960K, used 13057K [0x00000000c1400000, 0x0000000100000000)
  region size 1024K, 1 young (1024K), 1 survivors (1024K)
 Metaspace       used 27154K, committed 27520K, reserved 1073152K
  class space    used 3022K, committed 3200K, reserved 1048576K
}

