<?xml version="1.0" encoding="UTF-8"?>
<testng-results ignored="0" total="1" passed="1" failed="0" skipped="0">
  <reporter-output>
  </reporter-output>
  <suite started-at="2025-06-18T21:41:20 IST" name="Default suite" finished-at="2025-06-18T21:41:58 IST" duration-ms="38264">
    <groups>
    </groups>
    <test started-at="2025-06-18T21:41:20 IST" name="Default test" finished-at="2025-06-18T21:41:58 IST" duration-ms="38264">
      <class name="Practise.PractiseAmazon">
        <test-method signature="testcase1()[pri:0, instance:Practise.PractiseAmazon@350aac89]" started-at="2025-06-18T21:41:20 IST" name="testcase1" finished-at="2025-06-18T21:41:58 IST" duration-ms="38009" status="PASS">
          <reporter-output>
          </reporter-output>
        </test-method> <!-- testcase1 -->
      </class> <!-- Practise.PractiseAmazon -->
    </test> <!-- Default test -->
  </suite> <!-- Default suite -->
</testng-results>
